builds/c1
Execution Time : 0.066363 sec 

builds/c1_1
Execution Time : 1.741376 sec 

builds/c1_1_O2
Execution Time : 1.721328 sec 

builds/c1_O2
Execution Time : 0.066823 sec 

builds/c2
Execution Time : 0.576877 sec 

builds/c2_1
Execution Time : 0.693758 sec 

builds/c2_1_O2
Execution Time : 0.078612 sec 

builds/c2_1_O2_simd
Execution Time : 0.082859 sec 

builds/c2_1_simd
Execution Time : 0.693569 sec 

builds/c2_2
Execution Time : 0.566488 sec 

builds/c2_2_O2
Execution Time : 0.083461 sec 

builds/c2_2_O2_simd
Execution Time : 0.076849 sec 

builds/c2_2_simd
Execution Time : 0.563314 sec 

builds/c2_O2
Execution Time : 0.083593 sec 

builds/c2_O2_simd
Execution Time : 0.072966 sec 

builds/c2_simd
Execution Time : 0.572866 sec 

builds/c3
Execution Time : 0.079230 sec 

builds/c3_O2
Execution Time : 0.063997 sec 

builds/c3_O2_simd
Execution Time : 0.065483 sec 

builds/c3_simd
Execution Time : 0.081408 sec 

builds/c4_1
BLACKLISTED. Takes too long...

builds/c4_1_0
BLACKLISTED. Takes too long...

builds/c4_1_0_O2
Execution Time : 1.628306 sec 

builds/c4_1_0_simd
BLACKLISTED. Takes too long...

builds/c4_1_0_simd_O2
Execution Time : 1.652183 sec 

builds/c4_1_2
Execution Time : 7.556755 sec 

builds/c4_1_2_O2
Execution Time : 2.613265 sec 

builds/c4_1_3
Execution Time : 7.540010 sec 

builds/c4_1_3_O2
Execution Time : 1.131122 sec 

builds/c4_1_3_simd
Execution Time : 7.222458 sec 

builds/c4_1_3_simd_O2
Execution Time : 1.161650 sec 

builds/c4_1_O2
BLACKLISTED. Takes too long...

builds/c4_3
Failed index: 209. 0.144691 =! 1.22202

builds/c4_3_0
Failed index: 6517290. 1.05456 =! 0.0545573

builds/c4_3_0_O2
Failed index: 7632677. 1.02776 =! 0.0277592

builds/c4_3_3
Failed index: 14227971. 1.24834 =! 0.248338

builds/c4_3_3_O2
Failed index: 12304672. 1.05209 =! 0.0520861

builds/c4_3_4
Failed index: 12621045. 1.05056 =! 0.0505596

builds/c4_3_4_O2
Failed index: 3236962. 1.02466 =! 0.0246628

builds/c4_3_4_simd
Failed index: 24951829. 1.00706 =! 0.00706436

builds/c4_3_4_simd_O2
Failed index: 45531406. 1.3742 =! 0.374199

builds/c4_3_O2
Failed index: 56. 0.919599 =! 2.48164

builds/c4_4
Execution Time : 0.158304 sec 

builds/c4_4_O2
Execution Time : 0.012355 sec 

builds/c4_4_simd
Execution Time : 0.158376 sec 

builds/c4_4_simd_O2
Execution Time : 0.012220 sec 

builds/serial
Execution Time : 0.590948 sec 

builds/serial_O2
Execution Time : 0.106809 sec 

