builds/c1
Execution Time : 0.253675 sec 

builds/c1_1

builds/c1_1_O2

builds/c1_O2
Execution Time : 0.243914 sec 

builds/c2
Execution Time : 2.291048 sec 

builds/c2_1
Execution Time : 2.774490 sec 

builds/c2_1_O2
Execution Time : 0.319779 sec 

builds/c2_1_O2_simd
Execution Time : 0.282014 sec 

builds/c2_1_simd
Execution Time : 2.798193 sec 

builds/c2_2
Execution Time : 2.267462 sec 

builds/c2_2_O2
Execution Time : 0.312464 sec 

builds/c2_2_O2_simd
Execution Time : 0.330523 sec 

builds/c2_2_simd
Execution Time : 2.246250 sec 

builds/c2_O2
Execution Time : 0.280187 sec 

builds/c2_O2_simd
Execution Time : 0.307410 sec 

builds/c2_simd
Execution Time : 2.311036 sec 

builds/c3
Execution Time : 0.259299 sec 

builds/c3_O2
Execution Time : 0.243392 sec 

builds/c3_O2_simd
Execution Time : 0.244059 sec 

builds/c3_simd
Execution Time : 0.250755 sec 

builds/c4_1
BLACKLISTED. Takes too long...

builds/c4_1_0
BLACKLISTED. Takes too long...

builds/c4_1_0_O2
Execution Time : 6.951732 sec 

builds/c4_1_0_simd
BLACKLISTED. Takes too long...

builds/c4_1_0_simd_O2
Execution Time : 4.380134 sec 

builds/c4_1_2
Execution Time : 27.547307 sec 

builds/c4_1_2_O2
Execution Time : 9.081455 sec 

builds/c4_1_3
Execution Time : 27.422785 sec 

builds/c4_1_3_O2
Execution Time : 2.299913 sec 

builds/c4_1_3_simd
Execution Time : 27.390627 sec 

builds/c4_1_3_simd_O2
Execution Time : 2.092496 sec 

builds/c4_1_O2
BLACKLISTED. Takes too long...

builds/c4_3
Failed index: 223. 0.481351 =! 1.54469

builds/c4_3_0
Failed index: 4057260. 1.27539 =! 0.275392

builds/c4_3_0_O2
Failed index: 46594269. 1.12611 =! 0.126111

builds/c4_3_3
Failed index: 1735123. 1.01121 =! 0.0112149

builds/c4_3_3_O2
Failed index: 94632900. 1.49105 =! 0.491046

builds/c4_3_4
Failed index: 16535164. 1.20785 =! 0.207854

builds/c4_3_4_O2
Failed index: 17215686. 1.27654 =! 0.276544

builds/c4_3_4_simd
Failed index: 46098545. 1.18945 =! 0.189446

builds/c4_3_4_simd_O2
Failed index: 13486345. 1.04356 =! 0.0435615

builds/c4_3_O2
Failed index: 56. 0.877555 =! 3.19561

builds/c4_4
Execution Time : 0.671585 sec 

builds/c4_4_O2
Execution Time : 0.030964 sec 

builds/c4_4_simd
Execution Time : 0.671887 sec 

builds/c4_4_simd_O2
Execution Time : 0.030887 sec 

builds/serial
Execution Time : 2.357881 sec 

builds/serial_O2
Execution Time : 0.420891 sec 

